build/app/outputs/mapping/release/mapping.txt
# compiler: R8
# compiler_version: 1.5.64
# min_api: 16
# pg_map_id: a079541
...
androidx.versionedparcelable.VersionedParcelable -> androidx.versionedparcelable.c:
io.flutter.FlutterInjector -> b.a.a:
    io.flutter.embedding.engine.loader.FlutterLoader flutterLoader -> b
    boolean shouldLoadNative -> a
    io.flutter.FlutterInjector instance -> c
    io.flutter.embedding.engine.loader.FlutterLoader flutterLoader() -> a
    boolean shouldLoadNative() -> b
    io.flutter.FlutterInjector instance() -> c
io.flutter.FlutterInjector$1 -> b.a.a$a:
io.flutter.FlutterInjector$Builder -> b.a.a$b:
    io.flutter.embedding.engine.loader.FlutterLoader flutterLoader -> b
    boolean shouldLoadNative -> a
    io.flutter.FlutterInjector build() -> a
    void fillDefaults() -> b
io.flutter.Log -> b.a.b:
    void w(java.lang.String,java.lang.String) -> a
io.flutter.embedding.android.FlutterSplashView$SavedState$1 -> io.flutter.embedding.android.FlutterSplashView$SavedState$a:
io.flutter.embedding.engine.FlutterEngine -> io.flutter.embedding.engine.a:
io.flutter.embedding.engine.FlutterEngine$EngineLifecycleListener -> io.flutter.embedding.engine.a$a:
    void onPreEngineRestart() -> a
io.flutter.embedding.engine.FlutterJNI$AccessibilityDelegate -> io.flutter.embedding.engine.FlutterJNI$a:
    void updateCustomAccessibilityActions(java.nio.ByteBuffer,java.lang.String[]) -> a
    void updateSemantics(java.nio.ByteBuffer,java.lang.String[]) -> b
io.flutter.embedding.engine.FlutterJNI$AsyncWaitForVsyncDelegate -> io.flutter.embedding.engine.FlutterJNI$b:
    void asyncWaitForVsync(long) -> a
io.flutter.embedding.engine.dart.PlatformMessageHandler -> io.flutter.embedding.engine.b.a:
    void handleMessageFromDart(java.lang.String,byte[],int) -> a
    void handlePlatformMessageResponse(int,byte[]) -> a
io.flutter.embedding.engine.loader.ApplicationInfoLoader -> io.flutter.embedding.engine.c.a:
    java.lang.String PUBLIC_AOT_SHARED_LIBRARY_NAME -> a
    java.lang.String PUBLIC_ISOLATE_SNAPSHOT_DATA_KEY -> c
    java.lang.String PUBLIC_VM_SNAPSHOT_DATA_KEY -> b
    java.lang.String PUBLIC_FLUTTER_ASSETS_DIR_KEY -> d
    android.content.pm.ApplicationInfo getApplicationInfo(android.content.Context) -> a
    java.lang.String getNetworkPolicy(android.content.pm.ApplicationInfo,android.content.Context) -> a
    java.lang.String getString(android.os.Bundle,java.lang.String) -> a
    void parseDomain(android.content.res.XmlResourceParser,org.json.JSONArray,boolean) -> a
    void skipTag(android.content.res.XmlResourceParser) -> a
    io.flutter.embedding.engine.loader.FlutterApplicationInfo load(android.content.Context) -> b
    void parseDomainConfig(android.content.res.XmlResourceParser,org.json.JSONArray,boolean) -> b
io.flutter.embedding.engine.loader.FlutterApplicationInfo -> io.flutter.embedding.engine.c.b:
io.flutter.embedding.engine.loader.FlutterLoader -> io.flutter.embedding.engine.c.c:
    io.flutter.embedding.engine.loader.FlutterLoader$Settings settings -> a
    io.flutter.embedding.engine.loader.ResourceExtractor access$000(io.flutter.embedding.engine.loader.FlutterLoader,android.content.Context) -> a
    void startInitialization(android.content.Context) -> a
    void startInitialization(android.content.Context,io.flutter.embedding.engine.loader.FlutterLoader$Settings) -> a
    io.flutter.embedding.engine.loader.ResourceExtractor initResources(android.content.Context) -> b
io.flutter.embedding.engine.loader.FlutterLoader$1 -> io.flutter.embedding.engine.c.c$a:
    android.content.Context val$appContext -> a
    io.flutter.embedding.engine.loader.FlutterLoader this$0 -> b
io.flutter.embedding.engine.loader.FlutterLoader$1$1 -> io.flutter.embedding.engine.c.c$a$a:
io.flutter.embedding.engine.loader.FlutterLoader$InitResult -> io.flutter.embedding.engine.c.c$b:
io.flutter.embedding.engine.loader.FlutterLoader$Settings -> io.flutter.embedding.engine.c.c$c: